{"contracts/core/Owner.sol":{"l":{"20":3,"25":2,"27":1,"28":1,"37":47,"38":45,"39":4,"41":41},"path":"/Users/rodrigoherrera/Desktop/laser/laser-wallet-contracts/contracts/core/Owner.sol","s":{"1":3,"2":1,"3":1,"4":47,"5":45,"6":41},"b":{"1":[2,1],"2":[2,45],"3":[4,41]},"f":{"1":3,"2":47},"fnMap":{"1":{"name":"changeOwner","line":19,"loc":{"start":{"line":19,"column":4},"end":{"line":29,"column":4}}},"2":{"name":"initOwner","line":35,"loc":{"start":{"line":35,"column":4},"end":{"line":42,"column":4}}}},"statementMap":{"1":{"start":{"line":20,"column":8},"end":{"line":20,"column":520}},"2":{"start":{"line":27,"column":8},"end":{"line":27,"column":23}},"3":{"start":{"line":28,"column":8},"end":{"line":28,"column":35}},"4":{"start":{"line":37,"column":8},"end":{"line":37,"column":77}},"5":{"start":{"line":38,"column":8},"end":{"line":38,"column":1129}},"6":{"start":{"line":41,"column":8},"end":{"line":41,"column":21}}},"branchMap":{"1":{"line":20,"type":"if","locations":[{"start":{"line":20,"column":8},"end":{"line":20,"column":8}},{"start":{"line":20,"column":8},"end":{"line":20,"column":8}}]},"2":{"line":37,"type":"if","locations":[{"start":{"line":37,"column":8},"end":{"line":37,"column":8}},{"start":{"line":37,"column":8},"end":{"line":37,"column":8}}]},"3":{"line":38,"type":"if","locations":[{"start":{"line":38,"column":8},"end":{"line":38,"column":8}},{"start":{"line":38,"column":8},"end":{"line":38,"column":8}}]}}},"contracts/core/SelfAuthorized.sol":{"l":{"11":4,"13":3},"path":"/Users/rodrigoherrera/Desktop/laser/laser-wallet-contracts/contracts/core/SelfAuthorized.sol","s":{"1":4},"b":{"1":[1,3]},"f":{"1":4},"fnMap":{"1":{"name":"authorized","line":10,"loc":{"start":{"line":10,"column":4},"end":{"line":14,"column":4}}}},"statementMap":{"1":{"start":{"line":11,"column":8},"end":{"line":11,"column":75}}},"branchMap":{"1":{"line":11,"type":"if","locations":[{"start":{"line":11,"column":8},"end":{"line":11,"column":8}},{"start":{"line":11,"column":8},"end":{"line":11,"column":8}}]}}},"contracts/core/Singleton.sol":{"l":{"22":0,"23":0,"26":0,"28":0,"30":0,"31":0},"path":"/Users/rodrigoherrera/Desktop/laser/laser-wallet-contracts/contracts/core/Singleton.sol","s":{"1":0,"2":0,"3":0,"4":0},"b":{"1":[0,0],"2":[0,0]},"f":{"1":0},"fnMap":{"1":{"name":"upgradeSingleton","line":21,"loc":{"start":{"line":21,"column":4},"end":{"line":33,"column":4}}}},"statementMap":{"1":{"start":{"line":22,"column":8},"end":{"line":22,"column":883}},"2":{"start":{"line":26,"column":8},"end":{"line":26,"column":1005}},"3":{"start":{"line":30,"column":12},"end":{"line":30,"column":33}},"4":{"start":{"line":31,"column":12},"end":{"line":31,"column":45}}},"branchMap":{"1":{"line":22,"type":"if","locations":[{"start":{"line":22,"column":8},"end":{"line":22,"column":8}},{"start":{"line":22,"column":8},"end":{"line":22,"column":8}}]},"2":{"line":26,"type":"if","locations":[{"start":{"line":26,"column":8},"end":{"line":26,"column":8}},{"start":{"line":26,"column":8},"end":{"line":26,"column":8}}]}}},"contracts/handlers/Handler.sol":{"l":{"17":1,"27":1,"37":1,"54":146},"path":"/Users/rodrigoherrera/Desktop/laser/laser-wallet-contracts/contracts/handlers/Handler.sol","s":{"1":1,"2":1,"3":1,"4":146},"b":{},"f":{"1":1,"2":1,"3":1,"4":0,"5":146},"fnMap":{"1":{"name":"onERC721Received","line":11,"loc":{"start":{"line":11,"column":4},"end":{"line":18,"column":4}}},"2":{"name":"onERC1155Received","line":20,"loc":{"start":{"line":20,"column":4},"end":{"line":28,"column":4}}},"3":{"name":"onERC1155BatchReceived","line":30,"loc":{"start":{"line":30,"column":4},"end":{"line":38,"column":4}}},"4":{"name":"tokensReceived","line":40,"loc":{"start":{"line":40,"column":4},"end":{"line":47,"column":21}}},"5":{"name":"supportsInterface","line":49,"loc":{"start":{"line":49,"column":4},"end":{"line":61,"column":4}}}},"statementMap":{"1":{"start":{"line":17,"column":8},"end":{"line":17,"column":25}},"2":{"start":{"line":27,"column":8},"end":{"line":27,"column":25}},"3":{"start":{"line":37,"column":8},"end":{"line":37,"column":25}},"4":{"start":{"line":54,"column":8},"end":{"line":54,"column":1164}}},"branchMap":{}},"contracts/interfaces/IEIP1271.sol":{"l":{},"path":"/Users/rodrigoherrera/Desktop/laser/laser-wallet-contracts/contracts/interfaces/IEIP1271.sol","s":{},"b":{},"f":{},"fnMap":{},"statementMap":{},"branchMap":{}},"contracts/interfaces/IERC165.sol":{"l":{},"path":"/Users/rodrigoherrera/Desktop/laser/laser-wallet-contracts/contracts/interfaces/IERC165.sol","s":{},"b":{},"f":{},"fnMap":{},"statementMap":{},"branchMap":{}},"contracts/interfaces/IHandler.sol":{"l":{},"path":"/Users/rodrigoherrera/Desktop/laser/laser-wallet-contracts/contracts/interfaces/IHandler.sol","s":{},"b":{},"f":{},"fnMap":{},"statementMap":{},"branchMap":{}},"contracts/interfaces/ILaserWallet.sol":{"l":{},"path":"/Users/rodrigoherrera/Desktop/laser/laser-wallet-contracts/contracts/interfaces/ILaserWallet.sol","s":{},"b":{},"f":{},"fnMap":{},"statementMap":{},"branchMap":{}},"contracts/interfaces/IOwner.sol":{"l":{},"path":"/Users/rodrigoherrera/Desktop/laser/laser-wallet-contracts/contracts/interfaces/IOwner.sol","s":{},"b":{},"f":{},"fnMap":{},"statementMap":{},"branchMap":{}},"contracts/interfaces/IProxyFactory.sol":{"l":{},"path":"/Users/rodrigoherrera/Desktop/laser/laser-wallet-contracts/contracts/interfaces/IProxyFactory.sol","s":{},"b":{},"f":{},"fnMap":{},"statementMap":{},"branchMap":{}},"contracts/interfaces/ISingleton.sol":{"l":{},"path":"/Users/rodrigoherrera/Desktop/laser/laser-wallet-contracts/contracts/interfaces/ISingleton.sol","s":{},"b":{},"f":{},"fnMap":{},"statementMap":{},"branchMap":{}},"contracts/interfaces/ISSR.sol":{"l":{},"path":"/Users/rodrigoherrera/Desktop/laser/laser-wallet-contracts/contracts/interfaces/ISSR.sol","s":{},"b":{},"f":{},"fnMap":{},"statementMap":{},"branchMap":{}},"contracts/interfaces/IUtils.sol":{"l":{},"path":"/Users/rodrigoherrera/Desktop/laser/laser-wallet-contracts/contracts/interfaces/IUtils.sol","s":{},"b":{},"f":{},"fnMap":{},"statementMap":{},"branchMap":{}},"contracts/LaserWallet.sol":{"l":{"31":171,"35":15,"52":47,"53":41,"54":36,"55":31,"83":8,"85":8,"90":8,"103":8,"106":8,"110":8,"118":8,"120":8,"123":8,"126":8,"137":0,"138":0,"139":0,"142":0,"145":0,"149":0,"151":0,"159":0,"161":0,"163":0,"183":0,"184":0,"194":0,"195":0,"196":0,"200":0,"201":0,"202":0,"203":0,"204":0,"205":0,"223":10,"248":0,"249":0,"250":0,"251":0,"252":0,"256":0,"257":0,"264":19,"270":18,"291":8,"302":8,"305":8,"308":8,"311":8,"327":8,"332":8,"333":0,"336":8,"337":8,"338":8,"339":8,"341":8,"342":8,"344":8,"346":8,"350":8,"355":0,"356":0,"361":0,"363":0,"364":0,"368":0,"369":0,"376":0,"380":0,"383":0,"384":0,"390":0,"391":0,"392":0,"398":0,"402":0,"405":8,"407":8,"421":18,"434":18},"path":"/Users/rodrigoherrera/Desktop/laser/laser-wallet-contracts/contracts/LaserWallet.sol","s":{"1":171,"2":47,"3":41,"4":36,"5":31,"6":8,"7":8,"8":8,"9":8,"10":6,"11":2,"12":8,"13":8,"14":8,"15":8,"16":8,"17":0,"18":0,"19":0,"20":0,"21":0,"22":0,"23":0,"24":0,"25":0,"26":0,"27":0,"28":0,"29":0,"30":0,"31":0,"32":0,"33":0,"34":0,"35":10,"36":0,"37":0,"38":0,"39":0,"40":0,"41":0,"42":0,"43":18,"44":8,"45":8,"46":8,"47":8,"48":8,"49":8,"50":8,"51":8,"52":8,"53":8,"54":8,"55":8,"56":8,"57":8,"58":8,"59":8,"60":0,"61":0,"62":0,"63":0,"64":0,"65":0,"66":0,"67":0,"68":0,"69":0,"70":0,"71":0,"72":0,"73":0,"74":0,"75":18,"76":18},"b":{"1":[0,8],"2":[6,2],"3":[2,6],"4":[0,0],"5":[0,0],"6":[0,0],"7":[0,0],"8":[0,0],"9":[0,0],"10":[0,8],"11":[8,0],"12":[0,8],"13":[0,0],"14":[0,0],"15":[0,0],"16":[0,0],"17":[0,0],"18":[0,0],"19":[0,0],"20":[0,0],"21":[0,0],"22":[0,0],"23":[0,0],"24":[0,0]},"f":{"1":171,"2":47,"3":8,"4":0,"5":0,"6":10,"7":0,"8":19,"9":18,"10":8,"11":8,"12":18},"fnMap":{"1":{"name":"constructor","line":29,"loc":{"start":{"line":29,"column":4},"end":{"line":32,"column":4}}},"2":{"name":"init","line":45,"loc":{"start":{"line":45,"column":4},"end":{"line":56,"column":4}}},"3":{"name":"exec","line":72,"loc":{"start":{"line":72,"column":4},"end":{"line":127,"column":4}}},"4":{"name":"multiCall","line":135,"loc":{"start":{"line":133,"column":4},"end":{"line":166,"column":4}}},"5":{"name":"simulateTransaction","line":173,"loc":{"start":{"line":173,"column":4},"end":{"line":209,"column":4}}},"6":{"name":"operationHash","line":214,"loc":{"start":{"line":214,"column":4},"end":{"line":235,"column":4}}},"7":{"name":"isValidSignature","line":243,"loc":{"start":{"line":243,"column":4},"end":{"line":258,"column":4}}},"8":{"name":"getChainId","line":263,"loc":{"start":{"line":263,"column":4},"end":{"line":267,"column":4}}},"9":{"name":"domainSeparator","line":269,"loc":{"start":{"line":269,"column":4},"end":{"line":278,"column":4}}},"10":{"name":"verifyTransaction","line":280,"loc":{"start":{"line":280,"column":4},"end":{"line":312,"column":4}}},"11":{"name":"verifySignatures","line":320,"loc":{"start":{"line":320,"column":4},"end":{"line":410,"column":4}}},"12":{"name":"encodeOperation","line":412,"loc":{"start":{"line":412,"column":4},"end":{"line":441,"column":4}}}},"statementMap":{"1":{"start":{"line":31,"column":8},"end":{"line":31,"column":28}},"2":{"start":{"line":52,"column":8},"end":{"line":52,"column":24}},"3":{"start":{"line":53,"column":8},"end":{"line":53,"column":32}},"4":{"start":{"line":54,"column":8},"end":{"line":54,"column":42}},"5":{"start":{"line":55,"column":8},"end":{"line":55,"column":54}},"6":{"start":{"line":85,"column":12},"end":{"line":85,"column":66}},"7":{"start":{"line":90,"column":8},"end":{"line":90,"column":3648}},"8":{"start":{"line":103,"column":8},"end":{"line":103,"column":68}},"9":{"start":{"line":106,"column":8},"end":{"line":106,"column":4260}},"10":{"start":{"line":106,"column":21},"end":{"line":106,"column":55}},"11":{"start":{"line":107,"column":13},"end":{"line":107,"column":47}},"12":{"start":{"line":110,"column":8},"end":{"line":110,"column":4398}},"13":{"start":{"line":118,"column":8},"end":{"line":118,"column":53}},"14":{"start":{"line":120,"column":8},"end":{"line":120,"column":49}},"15":{"start":{"line":123,"column":8},"end":{"line":123,"column":73}},"16":{"start":{"line":126,"column":8},"end":{"line":126,"column":54}},"17":{"start":{"line":137,"column":8},"end":{"line":137,"column":56}},"18":{"start":{"line":138,"column":8},"end":{"line":138,"column":5428}},"19":{"start":{"line":139,"column":12},"end":{"line":139,"column":62}},"20":{"start":{"line":142,"column":12},"end":{"line":142,"column":62}},"21":{"start":{"line":145,"column":12},"end":{"line":145,"column":48}},"22":{"start":{"line":149,"column":12},"end":{"line":149,"column":72}},"23":{"start":{"line":151,"column":12},"end":{"line":151,"column":6118}},"24":{"start":{"line":183,"column":8},"end":{"line":183,"column":77}},"25":{"start":{"line":184,"column":8},"end":{"line":184,"column":7343}},"26":{"start":{"line":194,"column":8},"end":{"line":194,"column":60}},"27":{"start":{"line":195,"column":8},"end":{"line":195,"column":69}},"28":{"start":{"line":196,"column":8},"end":{"line":196,"column":7697}},"29":{"start":{"line":200,"column":8},"end":{"line":200,"column":53}},"30":{"start":{"line":201,"column":8},"end":{"line":201,"column":49}},"31":{"start":{"line":202,"column":8},"end":{"line":202,"column":73}},"32":{"start":{"line":203,"column":8},"end":{"line":203,"column":69}},"33":{"start":{"line":204,"column":8},"end":{"line":204,"column":38}},"34":{"start":{"line":205,"column":8},"end":{"line":205,"column":8106}},"35":{"start":{"line":223,"column":8},"end":{"line":223,"column":8643}},"36":{"start":{"line":248,"column":8},"end":{"line":248,"column":17}},"37":{"start":{"line":249,"column":8},"end":{"line":249,"column":17}},"38":{"start":{"line":250,"column":8},"end":{"line":250,"column":15}},"39":{"start":{"line":251,"column":8},"end":{"line":251,"column":42}},"40":{"start":{"line":252,"column":8},"end":{"line":252,"column":66}},"41":{"start":{"line":256,"column":8},"end":{"line":256,"column":70}},"42":{"start":{"line":257,"column":8},"end":{"line":257,"column":34}},"43":{"start":{"line":270,"column":8},"end":{"line":270,"column":10131}},"44":{"start":{"line":291,"column":8},"end":{"line":291,"column":10673}},"45":{"start":{"line":302,"column":8},"end":{"line":302,"column":49}},"46":{"start":{"line":305,"column":8},"end":{"line":305,"column":46}},"47":{"start":{"line":308,"column":8},"end":{"line":308,"column":44}},"48":{"start":{"line":311,"column":8},"end":{"line":311,"column":53}},"49":{"start":{"line":327,"column":8},"end":{"line":327,"column":11996}},"50":{"start":{"line":332,"column":8},"end":{"line":332,"column":12126}},"51":{"start":{"line":336,"column":8},"end":{"line":336,"column":22}},"52":{"start":{"line":337,"column":8},"end":{"line":337,"column":17}},"53":{"start":{"line":338,"column":8},"end":{"line":338,"column":17}},"54":{"start":{"line":339,"column":8},"end":{"line":339,"column":15}},"55":{"start":{"line":341,"column":8},"end":{"line":341,"column":12343}},"56":{"start":{"line":342,"column":12},"end":{"line":342,"column":47}},"57":{"start":{"line":344,"column":12},"end":{"line":344,"column":63}},"58":{"start":{"line":346,"column":12},"end":{"line":346,"column":12525}},"59":{"start":{"line":350,"column":16},"end":{"line":350,"column":76}},"60":{"start":{"line":351,"column":19},"end":{"line":351,"column":12832}},"61":{"start":{"line":355,"column":16},"end":{"line":355,"column":13073}},"62":{"start":{"line":358,"column":19},"end":{"line":358,"column":13209}},"63":{"start":{"line":361,"column":16},"end":{"line":361,"column":13364}},"64":{"start":{"line":363,"column":20},"end":{"line":363,"column":13465}},"65":{"start":{"line":368,"column":20},"end":{"line":368,"column":13685}},"66":{"start":{"line":372,"column":19},"end":{"line":372,"column":13843}},"67":{"start":{"line":376,"column":16},"end":{"line":376,"column":14102}},"68":{"start":{"line":380,"column":20},"end":{"line":380,"column":48}},"69":{"start":{"line":383,"column":20},"end":{"line":383,"column":14433}},"70":{"start":{"line":387,"column":19},"end":{"line":387,"column":14591}},"71":{"start":{"line":390,"column":16},"end":{"line":390,"column":14757}},"72":{"start":{"line":391,"column":20},"end":{"line":391,"column":14795}},"73":{"start":{"line":398,"column":20},"end":{"line":398,"column":48}},"74":{"start":{"line":402,"column":16},"end":{"line":402,"column":23}},"75":{"start":{"line":421,"column":8},"end":{"line":421,"column":15654}},"76":{"start":{"line":434,"column":8},"end":{"line":434,"column":15990}}},"branchMap":{"1":{"line":85,"type":"if","locations":[{"start":{"line":85,"column":12},"end":{"line":85,"column":12}},{"start":{"line":85,"column":12},"end":{"line":85,"column":12}}]},"2":{"line":106,"type":"if","locations":[{"start":{"line":106,"column":8},"end":{"line":106,"column":8}},{"start":{"line":106,"column":8},"end":{"line":106,"column":8}}]},"3":{"line":126,"type":"if","locations":[{"start":{"line":126,"column":8},"end":{"line":126,"column":8}},{"start":{"line":126,"column":8},"end":{"line":126,"column":8}}]},"4":{"line":149,"type":"if","locations":[{"start":{"line":149,"column":12},"end":{"line":149,"column":12}},{"start":{"line":149,"column":12},"end":{"line":149,"column":12}}]},"5":{"line":183,"type":"if","locations":[{"start":{"line":183,"column":8},"end":{"line":183,"column":8}},{"start":{"line":183,"column":8},"end":{"line":183,"column":8}}]},"6":{"line":195,"type":"if","locations":[{"start":{"line":195,"column":8},"end":{"line":195,"column":8}},{"start":{"line":195,"column":8},"end":{"line":195,"column":8}}]},"7":{"line":203,"type":"if","locations":[{"start":{"line":203,"column":8},"end":{"line":203,"column":8}},{"start":{"line":203,"column":8},"end":{"line":203,"column":8}}]},"8":{"line":205,"type":"if","locations":[{"start":{"line":205,"column":8},"end":{"line":205,"column":8}},{"start":{"line":205,"column":8},"end":{"line":205,"column":8}}]},"9":{"line":256,"type":"if","locations":[{"start":{"line":256,"column":8},"end":{"line":256,"column":8}},{"start":{"line":256,"column":8},"end":{"line":256,"column":8}}]},"10":{"line":332,"type":"if","locations":[{"start":{"line":332,"column":8},"end":{"line":332,"column":8}},{"start":{"line":332,"column":8},"end":{"line":332,"column":8}}]},"11":{"line":346,"type":"if","locations":[{"start":{"line":346,"column":12},"end":{"line":346,"column":12}},{"start":{"line":346,"column":12},"end":{"line":346,"column":12}}]},"12":{"line":350,"type":"if","locations":[{"start":{"line":350,"column":16},"end":{"line":350,"column":16}},{"start":{"line":350,"column":16},"end":{"line":350,"column":16}}]},"13":{"line":351,"type":"if","locations":[{"start":{"line":351,"column":19},"end":{"line":351,"column":19}},{"start":{"line":351,"column":19},"end":{"line":351,"column":19}}]},"14":{"line":355,"type":"if","locations":[{"start":{"line":355,"column":16},"end":{"line":355,"column":16}},{"start":{"line":355,"column":16},"end":{"line":355,"column":16}}]},"15":{"line":358,"type":"if","locations":[{"start":{"line":358,"column":19},"end":{"line":358,"column":19}},{"start":{"line":358,"column":19},"end":{"line":358,"column":19}}]},"16":{"line":361,"type":"if","locations":[{"start":{"line":361,"column":16},"end":{"line":361,"column":16}},{"start":{"line":361,"column":16},"end":{"line":361,"column":16}}]},"17":{"line":363,"type":"if","locations":[{"start":{"line":363,"column":20},"end":{"line":363,"column":20}},{"start":{"line":363,"column":20},"end":{"line":363,"column":20}}]},"18":{"line":368,"type":"if","locations":[{"start":{"line":368,"column":20},"end":{"line":368,"column":20}},{"start":{"line":368,"column":20},"end":{"line":368,"column":20}}]},"19":{"line":372,"type":"if","locations":[{"start":{"line":372,"column":19},"end":{"line":372,"column":19}},{"start":{"line":372,"column":19},"end":{"line":372,"column":19}}]},"20":{"line":376,"type":"if","locations":[{"start":{"line":376,"column":16},"end":{"line":376,"column":16}},{"start":{"line":376,"column":16},"end":{"line":376,"column":16}}]},"21":{"line":383,"type":"if","locations":[{"start":{"line":383,"column":20},"end":{"line":383,"column":20}},{"start":{"line":383,"column":20},"end":{"line":383,"column":20}}]},"22":{"line":387,"type":"if","locations":[{"start":{"line":387,"column":19},"end":{"line":387,"column":19}},{"start":{"line":387,"column":19},"end":{"line":387,"column":19}}]},"23":{"line":390,"type":"if","locations":[{"start":{"line":390,"column":16},"end":{"line":390,"column":16}},{"start":{"line":390,"column":16},"end":{"line":390,"column":16}}]},"24":{"line":391,"type":"if","locations":[{"start":{"line":391,"column":20},"end":{"line":391,"column":20}},{"start":{"line":391,"column":20},"end":{"line":391,"column":20}}]}}},"contracts/libraries/LaserWalletStorage.sol":{"l":{},"path":"/Users/rodrigoherrera/Desktop/laser/laser-wallet-contracts/contracts/libraries/LaserWalletStorage.sol","s":{},"b":{},"f":{},"fnMap":{},"statementMap":{},"branchMap":{}},"contracts/proxies/LaserProxy.sol":{"l":{"17":45,"24":218,"25":218},"path":"/Users/rodrigoherrera/Desktop/laser/laser-wallet-contracts/contracts/proxies/LaserProxy.sol","s":{"1":45,"2":218},"b":{},"f":{"1":45,"2":218},"fnMap":{"1":{"name":"constructor","line":14,"loc":{"start":{"line":14,"column":4},"end":{"line":18,"column":4}}},"2":{"name":null,"line":23,"loc":{"start":{"line":23,"column":4},"end":{"line":41,"column":4}}}},"statementMap":{"1":{"start":{"line":17,"column":8},"end":{"line":17,"column":29}},"2":{"start":{"line":24,"column":8},"end":{"line":24,"column":38}}},"branchMap":{}},"contracts/proxies/LaserProxyFactory.sol":{"l":{"18":140,"19":0,"20":138,"31":42,"32":42,"34":42,"42":28,"54":4,"56":3,"57":3,"73":3,"84":1,"85":1,"90":1,"94":1,"98":1,"105":0,"112":1,"126":4,"130":4,"134":4,"142":4},"path":"/Users/rodrigoherrera/Desktop/laser/laser-wallet-contracts/contracts/proxies/LaserProxyFactory.sol","s":{"1":140,"2":138,"3":42,"4":42,"5":28,"6":4,"7":3,"8":3,"9":1,"10":1,"11":1,"12":1,"13":1,"14":0,"15":1,"16":4,"17":4,"18":4},"b":{"1":[0,138],"2":[42,0],"3":[3,0],"4":[3,1]},"f":{"1":140,"2":42,"3":4,"4":1,"5":0,"6":1,"7":4},"fnMap":{"1":{"name":"constructor","line":16,"loc":{"start":{"line":16,"column":4},"end":{"line":21,"column":4}}},"2":{"name":"createProxy","line":27,"loc":{"start":{"line":27,"column":4},"end":{"line":43,"column":4}}},"3":{"name":"createProxyWithNonce","line":50,"loc":{"start":{"line":50,"column":4},"end":{"line":74,"column":4}}},"4":{"name":"preComputeAddress","line":79,"loc":{"start":{"line":79,"column":4},"end":{"line":99,"column":4}}},"5":{"name":"proxyRuntimeCode","line":104,"loc":{"start":{"line":104,"column":4},"end":{"line":106,"column":4}}},"6":{"name":"proxyCreationCode","line":111,"loc":{"start":{"line":111,"column":4},"end":{"line":113,"column":4}}},"7":{"name":"deployProxyWithNonce","line":121,"loc":{"start":{"line":121,"column":4},"end":{"line":143,"column":4}}}},"statementMap":{"1":{"start":{"line":18,"column":8},"end":{"line":18,"column":614}},"2":{"start":{"line":20,"column":8},"end":{"line":20,"column":29}},"3":{"start":{"line":31,"column":8},"end":{"line":31,"column":40}},"4":{"start":{"line":32,"column":8},"end":{"line":32,"column":1079}},"5":{"start":{"line":42,"column":8},"end":{"line":42,"column":53}},"6":{"start":{"line":54,"column":8},"end":{"line":54,"column":59}},"7":{"start":{"line":56,"column":8},"end":{"line":56,"column":1993}},"8":{"start":{"line":73,"column":8},"end":{"line":73,"column":53}},"9":{"start":{"line":84,"column":8},"end":{"line":84,"column":55}},"10":{"start":{"line":85,"column":8},"end":{"line":85,"column":2817}},"11":{"start":{"line":90,"column":8},"end":{"line":90,"column":2941}},"12":{"start":{"line":94,"column":8},"end":{"line":94,"column":3051}},"13":{"start":{"line":98,"column":8},"end":{"line":98,"column":46}},"14":{"start":{"line":105,"column":8},"end":{"line":105,"column":43}},"15":{"start":{"line":112,"column":8},"end":{"line":112,"column":44}},"16":{"start":{"line":126,"column":8},"end":{"line":126,"column":4461}},"17":{"start":{"line":130,"column":8},"end":{"line":130,"column":4571}},"18":{"start":{"line":142,"column":8},"end":{"line":142,"column":67}}},"branchMap":{"1":{"line":18,"type":"if","locations":[{"start":{"line":18,"column":8},"end":{"line":18,"column":8}},{"start":{"line":18,"column":8},"end":{"line":18,"column":8}}]},"2":{"line":32,"type":"if","locations":[{"start":{"line":32,"column":8},"end":{"line":32,"column":8}},{"start":{"line":32,"column":8},"end":{"line":32,"column":8}}]},"3":{"line":56,"type":"if","locations":[{"start":{"line":56,"column":8},"end":{"line":56,"column":8}},{"start":{"line":56,"column":8},"end":{"line":56,"column":8}}]},"4":{"line":142,"type":"if","locations":[{"start":{"line":142,"column":8},"end":{"line":142,"column":8}},{"start":{"line":142,"column":8},"end":{"line":142,"column":8}}]}}},"contracts/ssr/SSR.sol":{"l":{"42":0,"43":0,"44":0,"51":0,"52":0,"53":0,"62":0,"63":0,"64":0,"71":0,"85":0,"86":0,"88":0,"97":0,"103":0,"104":0,"107":0,"108":0,"110":0,"112":0,"114":0,"127":0,"128":0,"131":0,"132":0,"136":0,"138":0,"139":0,"140":0,"142":0,"144":0,"153":0,"155":0,"156":0,"160":0,"166":0,"168":0,"174":0,"187":0,"189":0,"190":0,"209":0,"220":2,"224":2,"225":5,"227":2,"234":2,"235":2,"237":2,"238":2,"239":6,"240":6,"241":6,"243":2,"252":36,"254":36,"255":1,"258":35,"259":67,"261":67,"263":2,"264":0,"268":66,"274":63,"279":63,"280":63,"283":31,"291":41,"293":41,"295":40,"297":40,"298":79,"299":79,"307":76,"309":2,"310":0,"314":75,"316":75,"318":75,"319":75,"322":36,"323":36,"331":8,"335":0,"340":0,"344":0,"348":0,"352":8,"363":0,"365":0,"367":0,"368":0,"370":0,"374":0,"377":0,"378":0,"382":0},"path":"/Users/rodrigoherrera/Desktop/laser/laser-wallet-contracts/contracts/ssr/SSR.sol","s":{"1":0,"2":0,"3":0,"4":0,"5":0,"6":0,"7":0,"8":0,"9":0,"10":0,"11":0,"12":0,"13":0,"14":0,"15":0,"16":0,"17":0,"18":0,"19":0,"20":0,"21":0,"22":0,"23":0,"24":0,"25":0,"26":0,"27":0,"28":0,"29":0,"30":0,"31":0,"32":0,"33":0,"34":2,"35":2,"36":5,"37":2,"38":2,"39":2,"40":2,"41":2,"42":6,"43":6,"44":2,"45":36,"46":36,"47":35,"48":67,"49":67,"50":2,"51":66,"52":63,"53":31,"54":41,"55":41,"56":40,"57":40,"58":79,"59":79,"60":76,"61":2,"62":75,"63":75,"64":36,"65":36,"66":8,"67":0,"68":0,"69":8,"70":0,"71":8,"72":0,"73":8,"74":0,"75":8,"76":8,"77":0,"78":0,"79":0,"80":0,"81":0,"82":0,"83":0,"84":0},"b":{"1":[0,0],"2":[0,0],"3":[0,0],"4":[0,0],"5":[0,0],"6":[0,0],"7":[0,0],"8":[0,0],"9":[0,0],"10":[1,35],"11":[2,65],"12":[0,1],"13":[3,63],"14":[1,40],"15":[3,76],"16":[2,74],"17":[0,1],"18":[0,8],"19":[0,0],"20":[0,8],"21":[0,8],"22":[0,8],"23":[0,8],"24":[0,0],"25":[0,0],"26":[0,0]},"f":{"1":0,"2":0,"3":0,"4":0,"5":0,"6":0,"7":0,"8":0,"9":0,"10":0,"11":0,"12":2,"13":2,"14":36,"15":41,"16":8,"17":0},"fnMap":{"1":{"name":"lock","line":41,"loc":{"start":{"line":41,"column":4},"end":{"line":45,"column":4}}},"2":{"name":"unlock","line":50,"loc":{"start":{"line":50,"column":4},"end":{"line":54,"column":4}}},"3":{"name":"recoveryUnlock","line":61,"loc":{"start":{"line":61,"column":4},"end":{"line":65,"column":4}}},"4":{"name":"unlockGuardians","line":70,"loc":{"start":{"line":70,"column":4},"end":{"line":72,"column":4}}},"5":{"name":"recover","line":83,"loc":{"start":{"line":81,"column":4},"end":{"line":89,"column":4}}},"6":{"name":"addGuardian","line":96,"loc":{"start":{"line":96,"column":4},"end":{"line":115,"column":4}}},"7":{"name":"removeGuardian","line":125,"loc":{"start":{"line":123,"column":4},"end":{"line":145,"column":4}}},"8":{"name":"addRecoveryOwner","line":152,"loc":{"start":{"line":152,"column":4},"end":{"line":175,"column":4}}},"9":{"name":"removeRecoveryOwner","line":185,"loc":{"start":{"line":183,"column":4},"end":{"line":192,"column":4}}},"10":{"name":"swapRecoveryOwner","line":202,"loc":{"start":{"line":199,"column":4},"end":{"line":202,"column":27}}},"11":{"name":"isGuardian","line":208,"loc":{"start":{"line":208,"column":4},"end":{"line":210,"column":4}}},"12":{"name":"getRecoveryOwners","line":215,"loc":{"start":{"line":215,"column":4},"end":{"line":228,"column":4}}},"13":{"name":"getGuardians","line":233,"loc":{"start":{"line":233,"column":4},"end":{"line":244,"column":4}}},"14":{"name":"initRecoveryOwners","line":251,"loc":{"start":{"line":251,"column":4},"end":{"line":284,"column":4}}},"15":{"name":"initGuardians","line":290,"loc":{"start":{"line":290,"column":4},"end":{"line":324,"column":4}}},"16":{"name":"access","line":330,"loc":{"start":{"line":330,"column":4},"end":{"line":355,"column":4}}},"17":{"name":"validateRecoveryOwner","line":361,"loc":{"start":{"line":361,"column":4},"end":{"line":383,"column":4}}}},"statementMap":{"1":{"start":{"line":42,"column":8},"end":{"line":42,"column":33}},"2":{"start":{"line":43,"column":8},"end":{"line":43,"column":22}},"3":{"start":{"line":44,"column":8},"end":{"line":44,"column":27}},"4":{"start":{"line":51,"column":8},"end":{"line":51,"column":19}},"5":{"start":{"line":52,"column":8},"end":{"line":52,"column":23}},"6":{"start":{"line":53,"column":8},"end":{"line":53,"column":29}},"7":{"start":{"line":62,"column":8},"end":{"line":62,"column":23}},"8":{"start":{"line":63,"column":8},"end":{"line":63,"column":29}},"9":{"start":{"line":64,"column":8},"end":{"line":64,"column":31}},"10":{"start":{"line":71,"column":8},"end":{"line":71,"column":30}},"11":{"start":{"line":85,"column":8},"end":{"line":85,"column":19}},"12":{"start":{"line":86,"column":8},"end":{"line":86,"column":23}},"13":{"start":{"line":88,"column":8},"end":{"line":88,"column":56}},"14":{"start":{"line":97,"column":8},"end":{"line":97,"column":3091}},"15":{"start":{"line":103,"column":8},"end":{"line":103,"column":3241}},"16":{"start":{"line":107,"column":8},"end":{"line":107,"column":50}},"17":{"start":{"line":108,"column":8},"end":{"line":108,"column":39}},"18":{"start":{"line":114,"column":8},"end":{"line":114,"column":37}},"19":{"start":{"line":127,"column":8},"end":{"line":127,"column":3986}},"20":{"start":{"line":131,"column":8},"end":{"line":131,"column":4098}},"21":{"start":{"line":136,"column":8},"end":{"line":136,"column":74}},"22":{"start":{"line":138,"column":8},"end":{"line":138,"column":60}},"23":{"start":{"line":139,"column":8},"end":{"line":139,"column":47}},"24":{"start":{"line":144,"column":8},"end":{"line":144,"column":46}},"25":{"start":{"line":153,"column":8},"end":{"line":153,"column":4924}},"26":{"start":{"line":155,"column":12},"end":{"line":155,"column":5074}},"27":{"start":{"line":160,"column":8},"end":{"line":160,"column":5281}},"28":{"start":{"line":166,"column":8},"end":{"line":166,"column":58}},"29":{"start":{"line":168,"column":8},"end":{"line":168,"column":5508}},"30":{"start":{"line":174,"column":8},"end":{"line":174,"column":47}},"31":{"start":{"line":187,"column":8},"end":{"line":187,"column":58}},"32":{"start":{"line":189,"column":8},"end":{"line":189,"column":6291}},"33":{"start":{"line":209,"column":8},"end":{"line":209,"column":71}},"34":{"start":{"line":220,"column":8},"end":{"line":220,"column":7288}},"35":{"start":{"line":224,"column":8},"end":{"line":224,"column":7411}},"36":{"start":{"line":225,"column":12},"end":{"line":225,"column":53}},"37":{"start":{"line":227,"column":8},"end":{"line":227,"column":34}},"38":{"start":{"line":234,"column":8},"end":{"line":234,"column":70}},"39":{"start":{"line":235,"column":8},"end":{"line":235,"column":52}},"40":{"start":{"line":237,"column":8},"end":{"line":237,"column":25}},"41":{"start":{"line":238,"column":8},"end":{"line":238,"column":7864}},"42":{"start":{"line":239,"column":12},"end":{"line":239,"column":50}},"43":{"start":{"line":240,"column":12},"end":{"line":240,"column":55}},"44":{"start":{"line":243,"column":8},"end":{"line":243,"column":29}},"45":{"start":{"line":252,"column":8},"end":{"line":252,"column":61}},"46":{"start":{"line":254,"column":8},"end":{"line":254,"column":8460}},"47":{"start":{"line":258,"column":8},"end":{"line":258,"column":8568}},"48":{"start":{"line":259,"column":12},"end":{"line":259,"column":54}},"49":{"start":{"line":261,"column":12},"end":{"line":261,"column":8691}},"50":{"start":{"line":263,"column":16},"end":{"line":263,"column":8846}},"51":{"start":{"line":268,"column":12},"end":{"line":268,"column":9068}},"52":{"start":{"line":274,"column":12},"end":{"line":274,"column":9245}},"53":{"start":{"line":283,"column":8},"end":{"line":283,"column":49}},"54":{"start":{"line":291,"column":8},"end":{"line":291,"column":51}},"55":{"start":{"line":293,"column":8},"end":{"line":293,"column":71}},"56":{"start":{"line":295,"column":8},"end":{"line":295,"column":41}},"57":{"start":{"line":297,"column":8},"end":{"line":297,"column":9993}},"58":{"start":{"line":298,"column":12},"end":{"line":298,"column":44}},"59":{"start":{"line":299,"column":12},"end":{"line":299,"column":10145}},"60":{"start":{"line":307,"column":12},"end":{"line":307,"column":10392}},"61":{"start":{"line":309,"column":16},"end":{"line":309,"column":10536}},"62":{"start":{"line":318,"column":12},"end":{"line":318,"column":48}},"63":{"start":{"line":319,"column":12},"end":{"line":319,"column":37}},"64":{"start":{"line":322,"column":8},"end":{"line":322,"column":43}},"65":{"start":{"line":323,"column":8},"end":{"line":323,"column":38}},"66":{"start":{"line":331,"column":8},"end":{"line":331,"column":11210}},"67":{"start":{"line":335,"column":12},"end":{"line":335,"column":11406}},"68":{"start":{"line":336,"column":17},"end":{"line":336,"column":39}},"69":{"start":{"line":337,"column":15},"end":{"line":337,"column":11492}},"70":{"start":{"line":340,"column":12},"end":{"line":340,"column":42}},"71":{"start":{"line":341,"column":15},"end":{"line":341,"column":11665}},"72":{"start":{"line":344,"column":12},"end":{"line":344,"column":47}},"73":{"start":{"line":345,"column":15},"end":{"line":345,"column":11843}},"74":{"start":{"line":348,"column":12},"end":{"line":348,"column":50}},"75":{"start":{"line":352,"column":12},"end":{"line":352,"column":12184}},"76":{"start":{"line":353,"column":17},"end":{"line":353,"column":36}},"77":{"start":{"line":363,"column":8},"end":{"line":363,"column":56}},"78":{"start":{"line":365,"column":8},"end":{"line":365,"column":25}},"79":{"start":{"line":367,"column":8},"end":{"line":367,"column":12663}},"80":{"start":{"line":368,"column":12},"end":{"line":368,"column":67}},"81":{"start":{"line":370,"column":12},"end":{"line":370,"column":12798}},"82":{"start":{"line":374,"column":16},"end":{"line":374,"column":64}},"83":{"start":{"line":374,"column":45},"end":{"line":374,"column":63}},"84":{"start":{"line":382,"column":8},"end":{"line":382,"column":77}}},"branchMap":{"1":{"line":97,"type":"if","locations":[{"start":{"line":97,"column":8},"end":{"line":97,"column":8}},{"start":{"line":97,"column":8},"end":{"line":97,"column":8}}]},"2":{"line":103,"type":"if","locations":[{"start":{"line":103,"column":8},"end":{"line":103,"column":8}},{"start":{"line":103,"column":8},"end":{"line":103,"column":8}}]},"3":{"line":127,"type":"if","locations":[{"start":{"line":127,"column":8},"end":{"line":127,"column":8}},{"start":{"line":127,"column":8},"end":{"line":127,"column":8}}]},"4":{"line":131,"type":"if","locations":[{"start":{"line":131,"column":8},"end":{"line":131,"column":8}},{"start":{"line":131,"column":8},"end":{"line":131,"column":8}}]},"5":{"line":136,"type":"if","locations":[{"start":{"line":136,"column":8},"end":{"line":136,"column":8}},{"start":{"line":136,"column":8},"end":{"line":136,"column":8}}]},"6":{"line":153,"type":"if","locations":[{"start":{"line":153,"column":8},"end":{"line":153,"column":8}},{"start":{"line":153,"column":8},"end":{"line":153,"column":8}}]},"7":{"line":155,"type":"if","locations":[{"start":{"line":155,"column":12},"end":{"line":155,"column":12}},{"start":{"line":155,"column":12},"end":{"line":155,"column":12}}]},"8":{"line":160,"type":"if","locations":[{"start":{"line":160,"column":8},"end":{"line":160,"column":8}},{"start":{"line":160,"column":8},"end":{"line":160,"column":8}}]},"9":{"line":189,"type":"if","locations":[{"start":{"line":189,"column":8},"end":{"line":189,"column":8}},{"start":{"line":189,"column":8},"end":{"line":189,"column":8}}]},"10":{"line":254,"type":"if","locations":[{"start":{"line":254,"column":8},"end":{"line":254,"column":8}},{"start":{"line":254,"column":8},"end":{"line":254,"column":8}}]},"11":{"line":261,"type":"if","locations":[{"start":{"line":261,"column":12},"end":{"line":261,"column":12}},{"start":{"line":261,"column":12},"end":{"line":261,"column":12}}]},"12":{"line":263,"type":"if","locations":[{"start":{"line":263,"column":16},"end":{"line":263,"column":16}},{"start":{"line":263,"column":16},"end":{"line":263,"column":16}}]},"13":{"line":268,"type":"if","locations":[{"start":{"line":268,"column":12},"end":{"line":268,"column":12}},{"start":{"line":268,"column":12},"end":{"line":268,"column":12}}]},"14":{"line":293,"type":"if","locations":[{"start":{"line":293,"column":8},"end":{"line":293,"column":8}},{"start":{"line":293,"column":8},"end":{"line":293,"column":8}}]},"15":{"line":299,"type":"if","locations":[{"start":{"line":299,"column":12},"end":{"line":299,"column":12}},{"start":{"line":299,"column":12},"end":{"line":299,"column":12}}]},"16":{"line":307,"type":"if","locations":[{"start":{"line":307,"column":12},"end":{"line":307,"column":12}},{"start":{"line":307,"column":12},"end":{"line":307,"column":12}}]},"17":{"line":309,"type":"if","locations":[{"start":{"line":309,"column":16},"end":{"line":309,"column":16}},{"start":{"line":309,"column":16},"end":{"line":309,"column":16}}]},"18":{"line":331,"type":"if","locations":[{"start":{"line":331,"column":8},"end":{"line":331,"column":8}},{"start":{"line":331,"column":8},"end":{"line":331,"column":8}}]},"19":{"line":335,"type":"if","locations":[{"start":{"line":335,"column":12},"end":{"line":335,"column":12}},{"start":{"line":335,"column":12},"end":{"line":335,"column":12}}]},"20":{"line":337,"type":"if","locations":[{"start":{"line":337,"column":15},"end":{"line":337,"column":15}},{"start":{"line":337,"column":15},"end":{"line":337,"column":15}}]},"21":{"line":341,"type":"if","locations":[{"start":{"line":341,"column":15},"end":{"line":341,"column":15}},{"start":{"line":341,"column":15},"end":{"line":341,"column":15}}]},"22":{"line":345,"type":"if","locations":[{"start":{"line":345,"column":15},"end":{"line":345,"column":15}},{"start":{"line":345,"column":15},"end":{"line":345,"column":15}}]},"23":{"line":352,"type":"if","locations":[{"start":{"line":352,"column":12},"end":{"line":352,"column":12}},{"start":{"line":352,"column":12},"end":{"line":352,"column":12}}]},"24":{"line":370,"type":"if","locations":[{"start":{"line":370,"column":12},"end":{"line":370,"column":12}},{"start":{"line":370,"column":12},"end":{"line":370,"column":12}}]},"25":{"line":374,"type":"if","locations":[{"start":{"line":374,"column":16},"end":{"line":374,"column":16}},{"start":{"line":374,"column":16},"end":{"line":374,"column":16}}]},"26":{"line":382,"type":"if","locations":[{"start":{"line":382,"column":8},"end":{"line":382,"column":8}},{"start":{"line":382,"column":8},"end":{"line":382,"column":8}}]}}},"contracts/test/Caller.sol":{"l":{"12":1,"13":1,"14":1},"path":"/Users/rodrigoherrera/Desktop/laser/laser-wallet-contracts/contracts/test/Caller.sol","s":{"1":1,"2":1,"3":1},"b":{"1":[1,0],"2":[1,0]},"f":{"1":1},"fnMap":{"1":{"name":"_call","line":7,"loc":{"start":{"line":7,"column":4},"end":{"line":15,"column":4}}}},"statementMap":{"1":{"start":{"line":12,"column":8},"end":{"line":12,"column":55}},"2":{"start":{"line":13,"column":8},"end":{"line":13,"column":71}},"3":{"start":{"line":14,"column":8},"end":{"line":14,"column":31}}},"branchMap":{"1":{"line":12,"type":"if","locations":[{"start":{"line":12,"column":8},"end":{"line":12,"column":8}},{"start":{"line":12,"column":8},"end":{"line":12,"column":8}}]},"2":{"line":14,"type":"if","locations":[{"start":{"line":14,"column":8},"end":{"line":14,"column":8}},{"start":{"line":14,"column":8},"end":{"line":14,"column":8}}]}}},"contracts/test/IncorrectMigrate.sol":{"l":{},"path":"/Users/rodrigoherrera/Desktop/laser/laser-wallet-contracts/contracts/test/IncorrectMigrate.sol","s":{},"b":{},"f":{"1":0},"fnMap":{"1":{"name":"nop","line":6,"loc":{"start":{"line":6,"column":4},"end":{"line":6,"column":29}}}},"statementMap":{},"branchMap":{}},"contracts/test/TestMigrate.sol":{"l":{"8":0},"path":"/Users/rodrigoherrera/Desktop/laser/laser-wallet-contracts/contracts/test/TestMigrate.sol","s":{"1":0},"b":{},"f":{"1":0},"fnMap":{"1":{"name":"imNew","line":7,"loc":{"start":{"line":7,"column":4},"end":{"line":9,"column":4}}}},"statementMap":{"1":{"start":{"line":8,"column":8},"end":{"line":8,"column":20}}},"branchMap":{}},"contracts/test/TokenCaller.sol":{"l":{"37":1,"38":1,"46":1,"47":1,"48":1,"49":1,"63":1,"64":1,"72":4},"path":"/Users/rodrigoherrera/Desktop/laser/laser-wallet-contracts/contracts/test/TokenCaller.sol","s":{"1":1,"2":1,"3":1,"4":1,"5":1,"6":1,"7":1,"8":1,"9":4},"b":{},"f":{"1":1,"2":1,"3":1,"4":4},"fnMap":{"1":{"name":"checkERC1155","line":32,"loc":{"start":{"line":32,"column":4},"end":{"line":39,"column":4}}},"2":{"name":"checkERC115Batch","line":41,"loc":{"start":{"line":41,"column":4},"end":{"line":56,"column":4}}},"3":{"name":"checkERC721","line":58,"loc":{"start":{"line":58,"column":4},"end":{"line":65,"column":4}}},"4":{"name":"checkERC165","line":67,"loc":{"start":{"line":67,"column":4},"end":{"line":73,"column":4}}}},"statementMap":{"1":{"start":{"line":37,"column":8},"end":{"line":37,"column":33}},"2":{"start":{"line":38,"column":8},"end":{"line":38,"column":75}},"3":{"start":{"line":46,"column":8},"end":{"line":46,"column":33}},"4":{"start":{"line":47,"column":8},"end":{"line":47,"column":48}},"5":{"start":{"line":48,"column":8},"end":{"line":48,"column":18}},"6":{"start":{"line":49,"column":8},"end":{"line":49,"column":1186}},"7":{"start":{"line":63,"column":8},"end":{"line":63,"column":33}},"8":{"start":{"line":64,"column":8},"end":{"line":64,"column":71}},"9":{"start":{"line":72,"column":8},"end":{"line":72,"column":65}}},"branchMap":{}},"contracts/utils/Utils.sol":{"l":{"22":12,"26":0,"29":0,"31":0,"35":0,"42":10,"54":2,"56":12,"57":1,"75":13,"96":16,"117":8,"119":8,"121":0,"126":0},"path":"/Users/rodrigoherrera/Desktop/laser/laser-wallet-contracts/contracts/utils/Utils.sol","s":{"1":12,"2":0,"3":0,"4":0,"5":12,"6":10,"7":2,"8":12,"9":8,"10":8,"11":0,"12":0},"b":{"1":[0,12],"2":[0,0],"3":[10,2],"4":[1,11],"5":[8,0]},"f":{"1":12,"2":13,"3":16,"4":8,"5":0},"fnMap":{"1":{"name":"returnSigner","line":15,"loc":{"start":{"line":15,"column":4},"end":{"line":59,"column":4}}},"2":{"name":"splitSigs","line":66,"loc":{"start":{"line":66,"column":4},"end":{"line":81,"column":4}}},"3":{"name":"_call","line":90,"loc":{"start":{"line":90,"column":4},"end":{"line":108,"column":4}}},"4":{"name":"calculateGasPrice","line":113,"loc":{"start":{"line":113,"column":4},"end":{"line":123,"column":4}}},"5":{"name":"min","line":125,"loc":{"start":{"line":125,"column":4},"end":{"line":127,"column":4}}}},"statementMap":{"1":{"start":{"line":22,"column":8},"end":{"line":22,"column":538}},"2":{"start":{"line":26,"column":12},"end":{"line":26,"column":48}},"3":{"start":{"line":29,"column":12},"end":{"line":29,"column":42}},"4":{"start":{"line":35,"column":12},"end":{"line":35,"column":985}},"5":{"start":{"line":41,"column":15},"end":{"line":41,"column":1166}},"6":{"start":{"line":42,"column":12},"end":{"line":42,"column":1196}},"7":{"start":{"line":54,"column":12},"end":{"line":54,"column":48}},"8":{"start":{"line":56,"column":8},"end":{"line":56,"column":1572}},"9":{"start":{"line":117,"column":8},"end":{"line":117,"column":3207}},"10":{"start":{"line":119,"column":12},"end":{"line":119,"column":34}},"11":{"start":{"line":121,"column":12},"end":{"line":121,"column":77}},"12":{"start":{"line":126,"column":8},"end":{"line":126,"column":28}}},"branchMap":{"1":{"line":22,"type":"if","locations":[{"start":{"line":22,"column":8},"end":{"line":22,"column":8}},{"start":{"line":22,"column":8},"end":{"line":22,"column":8}}]},"2":{"line":35,"type":"if","locations":[{"start":{"line":35,"column":12},"end":{"line":35,"column":12}},{"start":{"line":35,"column":12},"end":{"line":35,"column":12}}]},"3":{"line":41,"type":"if","locations":[{"start":{"line":41,"column":15},"end":{"line":41,"column":15}},{"start":{"line":41,"column":15},"end":{"line":41,"column":15}}]},"4":{"line":56,"type":"if","locations":[{"start":{"line":56,"column":8},"end":{"line":56,"column":8}},{"start":{"line":56,"column":8},"end":{"line":56,"column":8}}]},"5":{"line":117,"type":"if","locations":[{"start":{"line":117,"column":8},"end":{"line":117,"column":8}},{"start":{"line":117,"column":8},"end":{"line":117,"column":8}}]}}}}